1686339262677	geckodriver	INFO	Listening on 127.0.0.1:51109
1686340236937	geckodriver	INFO	Listening on 127.0.0.1:51848
1686340540195	geckodriver	INFO	Listening on 127.0.0.1:52022
1686340543292	mozrunner::runner	INFO	Running command: "C:\\Program Files\\Mozilla Firefox\\firefox.exe" "--marionette" "--remote-debugging-port" "52023" "--remote-allow-hosts" "localhost" "-no-remote" "-profile" "C:\\Users\\Alex18d\\AppData\\Local\\Temp\\rust_mozprofilezq9Uc5"
console.warn: services.settings: Ignoring preference override of remote settings server
console.warn: services.settings: Allow by setting MOZ_REMOTE_SETTINGS_DEVTOOLS=1 in the environment
1686340543738	Marionette	INFO	Marionette enabled
Dynamically enable window occlusion 0
1686340543754	Marionette	INFO	Listening on port 52032
WebDriver BiDi listening on ws://127.0.0.1:52023
Read port: 52032
1686340544048	RemoteAgent	WARN	TLS certificate errors will be ignored for this session
DevTools listening on ws://127.0.0.1:52023/devtools/browser/928e61d9-cfab-4172-bb62-1b8029f77b60
console.warn: LoginRecipes: "Falling back to a synchronous message for: https://accounts.google.com."
JavaScript warning: https://accounts.google.com/v3/signin/identifier?dsh=S33820197%3A1686340547085769&continue=https%3A%2F%2Fmail.google.com%2Fmail%2Fu%2F0%2F&emr=1&ffgf=1&followup=https%3A%2F%2Fmail.google.com%2Fmail%2Fu%2F0%2F&ifkv=Af_xneGgvppJcz4XPj5DwvjUNA9yYX1mhgI3XvJ2ms6uTyx409MPS1e_SvPcr6g8UkDlx86DG5nZ&osid=1&passive=1209600&service=mail&flowName=GlifWebSignIn&flowEntry=ServiceLogin line 206 > injectedScript line 2 > eval line 6801 > eval line 1 > eval line 1 > eval, line 1: WEBGL_debug_renderer_info is deprecated in Firefox and will be removed. Please use RENDERER.
console.warn: LoginRecipes: "Falling back to a synchronous message for: https://accounts.google.com."
console.warn: LoginRecipes: "Falling back to a synchronous message for: https://accounts.google.com."
JavaScript warning: https://accounts.google.com/v3/signin/identifier?dsh=S33820197%3A1686340547085769&continue=https%3A%2F%2Fmail.google.com%2Fmail%2Fu%2F0%2F&emr=1&ffgf=1&flowEntry=ServiceLogin&flowName=GlifWebSignIn&followup=https%3A%2F%2Fmail.google.com%2Fmail%2Fu%2F0%2F&ifkv=Af_xneE1ZmMWuyNmZm3QFhJJGEl0wJ4piULK29yMFxfnHjBa2KwP3_CqEiqdVMnJavsbA2EbM1417Q&osid=1&service=mail line 4 > injectedScript line 2 > eval line 1069 > eval line 1 > eval line 1 > eval, line 1: WEBGL_debug_renderer_info is deprecated in Firefox and will be removed. Please use RENDERER.
console.warn: LoginRecipes: "Falling back to a synchronous message for: https://accounts.google.com."
console.warn: LoginRecipes: "Falling back to a synchronous message for: https://accounts.google.com."
console.warn: LoginRecipes: "Falling back to a synchronous message for: https://www.google.com."
console.warn: services.settings: Ignoring preference override of remote settings server
console.warn: services.settings: Allow by setting MOZ_REMOTE_SETTINGS_DEVTOOLS=1 in the environment
console.error: (new TypeError("lazy.AsyncShutdown.profileBeforeChange is undefined", "resource://services-settings/Database.sys.mjs", 599))
console.warn: LoginRecipes: "Falling back to a synchronous message for: https://accounts.google.com."
console.warn: LoginRecipes: "Falling back to a synchronous message for: https://accounts.google.com."
JavaScript warning: https://accounts.google.com/v3/signin/identifier?dsh=S1208197932%3A1686340783251696&authuser=0&continue=https%3A%2F%2Fmyaccount.google.com%2F%3Fhl%3Dru%26authuser%3D0%26utm_source%3DOGB%26utm_medium%3Dact&ffgf=1&followup=https%3A%2F%2Fmyaccount.google.com%2F%3Fhl%3Dru%26authuser%3D0%26utm_source%3DOGB%26utm_medium%3Dact&hl=ru&ifkv=Af_xneEPFPw_5RGzwteVVFSrwj_Z234kvmg_6Py6uJES6Uh6uWJs4_f7hUGABuut3sixXAhNlivG&osid=1&passive=1209600&service=accountsettings&flowName=GlifWebSignIn&flowEntry=ServiceLogin line 206 > injectedScript line 2 > eval line 2301 > eval line 1 > eval line 1 > eval, line 1: WEBGL_debug_renderer_info is deprecated in Firefox and will be removed. Please use RENDERER.
console.warn: LoginRecipes: "Falling back to a synchronous message for: https://accounts.google.com."
1686340798449	Marionette	WARN	Ignoring event 'DOMContentLoaded' because document has an invalid readyState of 'complete'.
console.warn: LoginRecipes: "Falling back to a synchronous message for: https://www.youtube.com."
console.warn: LoginRecipes: "Falling back to a synchronous message for: https://www.youtube.com."
console.warn: LoginRecipes: "Falling back to a synchronous message for: https://accounts.google.com."
JavaScript warning: https://www.google.com/js/th/R0xUEcQ2B32TxOUqHFZmKhtjycEbObawU50wwQDccxI.js line 2 > eval line 1876 > eval line 1 > eval line 1 > eval, line 1: WEBGL_debug_renderer_info is deprecated in Firefox and will be removed. Please use RENDERER.
console.warn: LoginRecipes: "Falling back to a synchronous message for: https://www.youtube.com."
console.warn: LoginRecipes: "Falling back to a synchronous message for: https://www.youtube.com."
[Child 5484, MediaDecoderStateMachine #1] WARNING: 1c90d3fcef0 Could not set cubeb stream name.: file /builds/worker/checkouts/gecko/dom/media/AudioStream.cpp:321
JavaScript warning: https://pagead2.googlesyndication.com/bg/mZQVpQj-eDQajpu59Vq9E2pMu32_YVAoNW79LAI6QMI.js line 2 > eval line 3347 > eval line 1 > eval line 1 > eval, line 1: WEBGL_debug_renderer_info is deprecated in Firefox and will be removed. Please use RENDERER.
JavaScript warning: https://www.google.com/js/th/R0xUEcQ2B32TxOUqHFZmKhtjycEbObawU50wwQDccxI.js line 2 > eval line 1876 > eval line 1 > eval line 1 > eval, line 1: WEBGL_debug_renderer_info is deprecated in Firefox and will be removed. Please use RENDERER.
[Child 5484, MediaDecoderStateMachine #1] WARNING: 1c8ff4a9790 Could not set cubeb stream name.: file /builds/worker/checkouts/gecko/dom/media/AudioStream.cpp:321
JavaScript warning: https://www.google.com/js/th/R0xUEcQ2B32TxOUqHFZmKhtjycEbObawU50wwQDccxI.js line 2 > eval line 1876 > eval line 1 > eval line 1 > eval, line 1: WEBGL_debug_renderer_info is deprecated in Firefox and will be removed. Please use RENDERER.
[Child 5484, MediaDecoderStateMachine #1] WARNING: 1c8ff467780 Could not set cubeb stream name.: file /builds/worker/checkouts/gecko/dom/media/AudioStream.cpp:321
JavaScript warning: https://pagead2.googlesyndication.com/bg/mZQVpQj-eDQajpu59Vq9E2pMu32_YVAoNW79LAI6QMI.js line 2 > eval line 7117 > eval line 1 > eval line 1 > eval, line 1: WEBGL_debug_renderer_info is deprecated in Firefox and will be removed. Please use RENDERER.
JavaScript warning: https://www.google.com/js/th/R0xUEcQ2B32TxOUqHFZmKhtjycEbObawU50wwQDccxI.js line 2 > eval line 1876 > eval line 1 > eval line 1 > eval, line 1: WEBGL_debug_renderer_info is deprecated in Firefox and will be removed. Please use RENDERER.
[Child 5484, MediaDecoderStateMachine #1] WARNING: 1c8ff45e130 Could not set cubeb stream name.: file /builds/worker/checkouts/gecko/dom/media/AudioStream.cpp:321
[Child 5484, MediaDecoderStateMachine #1] WARNING: 1c90e3a78a0 Could not set cubeb stream name.: file /builds/worker/checkouts/gecko/dom/media/AudioStream.cpp:321
console.warn: LoginRecipes: "Falling back to a synchronous message for: https://www.google.com."
console.warn: services.settings: Ignoring preference override of remote settings server
console.warn: services.settings: Allow by setting MOZ_REMOTE_SETTINGS_DEVTOOLS=1 in the environment
console.error: (new TypeError("lazy.AsyncShutdown.profileBeforeChange is undefined", "resource://services-settings/Database.sys.mjs", 599))
JavaScript warning: https://www.google.com/maps/_/js/k=maps.m.ru.eisbqB9ip_o.2019.O/m=sc2,per,mo,lp,ti,ds,stx,dwi,enr,bom,b/am=BoIVAAg/rt=j/d=1/rs=ACT90oH3mGFE2JHoOeAYFf-qoMnmFjpM5g/br=1, line 1487: WEBGL_debug_renderer_info is deprecated in Firefox and will be removed. Please use RENDERER.
JavaScript warning: , line 0: WebGL warning: texSubImage: Texture has not been initialized prior to a partial upload, forcing the browser to clear it. This may be slow.
JavaScript warning: , line 0: WebGL warning: texSubImage: Tex image TEXTURE_2D level 0 is incurring lazy initialization.
JavaScript warning: , line 0: WebGL warning: texSubImage: Texture has not been initialized prior to a partial upload, forcing the browser to clear it. This may be slow.
JavaScript warning: , line 0: WebGL warning: texSubImage: Tex image TEXTURE_2D level 0 is incurring lazy initialization.
console.warn: LoginRecipes: "Falling back to a synchronous message for: https://accounts.google.com."
JavaScript warning: , line 0: WebGL warning: drawArraysInstanced: Tex image TEXTURE_2D level 0 is incurring lazy initialization.
JavaScript warning: , line 0: WebGL warning: texSubImage: Texture has not been initialized prior to a partial upload, forcing the browser to clear it. This may be slow.
JavaScript warning: , line 0: WebGL warning: texSubImage: Tex image TEXTURE_2D level 0 is incurring lazy initialization.
JavaScript warning: https://www.google.com/js/bg/mZQVpQj-eDQajpu59Vq9E2pMu32_YVAoNW79LAI6QMI.js line 2 > eval line 3404 > eval line 1 > eval line 1 > eval, line 1: WEBGL_debug_renderer_info is deprecated in Firefox and will be removed. Please use RENDERER.
JavaScript warning: , line 0: WebGL warning: texSubImage: Alpha-premult and y-flip are deprecated for non-DOM-Element uploads.
JavaScript warning: , line 0: WebGL warning: texSubImage: Alpha-premult and y-flip are deprecated for non-DOM-Element uploads.
JavaScript warning: , line 0: WebGL warning: texSubImage: Texture has not been initialized prior to a partial upload, forcing the browser to clear it. This may be slow.
JavaScript warning: , line 0: WebGL warning: texSubImage: Tex image TEXTURE_2D level 0 is incurring lazy initialization.
JavaScript warning: , line 0: WebGL warning: texSubImage: Alpha-premult and y-flip are deprecated for non-DOM-Element uploads.
JavaScript warning: , line 0: WebGL warning: texSubImage: Alpha-premult and y-flip are deprecated for non-DOM-Element uploads.
JavaScript warning: , line 0: WebGL warning: texSubImage: Alpha-premult and y-flip are deprecated for non-DOM-Element uploads.
JavaScript warning: , line 0: WebGL warning: texSubImage: Alpha-premult and y-flip are deprecated for non-DOM-Element uploads.
JavaScript warning: , line 0: WebGL warning: texSubImage: Alpha-premult and y-flip are deprecated for non-DOM-Element uploads.
JavaScript warning: , line 0: WebGL warning: texSubImage: Alpha-premult and y-flip are deprecated for non-DOM-Element uploads.
JavaScript warning: , line 0: WebGL warning: texSubImage: Alpha-premult and y-flip are deprecated for non-DOM-Element uploads.
JavaScript warning: , line 0: WebGL warning: texSubImage: Alpha-premult and y-flip are deprecated for non-DOM-Element uploads.
JavaScript warning: , line 0: WebGL warning: texSubImage: Alpha-premult and y-flip are deprecated for non-DOM-Element uploads.
JavaScript warning: , line 0: WebGL warning: texSubImage: Texture has not been initialized prior to a partial upload, forcing the browser to clear it. This may be slow.
JavaScript warning: , line 0: WebGL warning: texSubImage: Tex image TEXTURE_2D level 0 is incurring lazy initialization.
JavaScript warning: , line 0: WebGL warning: texSubImage: Alpha-premult and y-flip are deprecated for non-DOM-Element uploads.
JavaScript warning: , line 0: WebGL warning: texSubImage: Alpha-premult and y-flip are deprecated for non-DOM-Element uploads.
JavaScript warning: , line 0: WebGL warning: texSubImage: Alpha-premult and y-flip are deprecated for non-DOM-Element uploads.
JavaScript warning: , line 0: WebGL warning: texSubImage: Alpha-premult and y-flip are deprecated for non-DOM-Element uploads.
JavaScript warning: , line 0: WebGL warning: texSubImage: Alpha-premult and y-flip are deprecated for non-DOM-Element uploads.
JavaScript warning: , line 0: WebGL warning: texSubImage: Alpha-premult and y-flip are deprecated for non-DOM-Element uploads.
JavaScript warning: , line 0: WebGL warning: texSubImage: Alpha-premult and y-flip are deprecated for non-DOM-Element uploads.
JavaScript warning: , line 0: WebGL warning: texSubImage: Alpha-premult and y-flip are deprecated for non-DOM-Element uploads.
JavaScript warning: , line 0: WebGL warning: texSubImage: Alpha-premult and y-flip are deprecated for non-DOM-Element uploads.
JavaScript warning: , line 0: WebGL warning: texSubImage: Alpha-premult and y-flip are deprecated for non-DOM-Element uploads.
JavaScript warning: , line 0: After reporting 32, no further warnings will be reported for this WebGL context.
JavaScript warning: https://s.abcnews.com/assets/dtci/js/at.js, line 8: WEBGL_debug_renderer_info is deprecated in Firefox and will be removed. Please use RENDERER.
JavaScript warning: https://z.moatads.com/abcimavideo618769704984/moatvideo.js#_moatApi17964227, line 271: WEBGL_debug_renderer_info is deprecated in Firefox and will be removed. Please use RENDERER.
console.warn: LoginRecipes: "Falling back to a synchronous message for: https://accounts.google.com."
console.warn: LoginRecipes: "Falling back to a synchronous message for: https://accounts.google.com."
JavaScript warning: https://accounts.google.com/v3/signin/identifier?dsh=S100756417%3A1686341892264011&authuser=0&continue=https%3A%2F%2Fphotos.google.com%2F%3Fauthuser%3D0&ffgf=1&followup=https%3A%2F%2Fphotos.google.com%2F%3Fauthuser%3D0&ifkv=Af_xneGBhvQ8SBoYjVlB_NCec6D20PPSS3xAJT8B2JYsayS0OUnkR95o4UIZwwOFOHDwsm9-qVxoTQ&osid=1&passive=1209600&service=lh2&flowName=GlifWebSignIn&flowEntry=ServiceLogin line 4 > injectedScript line 2 > eval line 6127 > eval line 1 > eval line 1 > eval, line 1: WEBGL_debug_renderer_info is deprecated in Firefox and will be removed. Please use RENDERER.
console.warn: LoginRecipes: "Falling back to a synchronous message for: https://accounts.google.com."
1686342065511	Marionette	INFO	Stopped listening on port 52032
Dynamically enable window occlusion 1
1686342329311	geckodriver	INFO	Listening on 127.0.0.1:53395
1686342332423	mozrunner::runner	INFO	Running command: "C:\\Program Files\\Mozilla Firefox\\firefox.exe" "--marionette" "--remote-debugging-port" "53396" "--remote-allow-hosts" "localhost" "-no-remote" "-profile" "C:\\Users\\Alex18d\\AppData\\Local\\Temp\\rust_mozprofileEfVzrF"
console.warn: services.settings: Ignoring preference override of remote settings server
console.warn: services.settings: Allow by setting MOZ_REMOTE_SETTINGS_DEVTOOLS=1 in the environment
1686342332895	Marionette	INFO	Marionette enabled
Dynamically enable window occlusion 0
1686342332899	Marionette	INFO	Listening on port 53405
WebDriver BiDi listening on ws://127.0.0.1:53396
Read port: 53405
1686342333110	RemoteAgent	WARN	TLS certificate errors will be ignored for this session
DevTools listening on ws://127.0.0.1:53396/devtools/browser/ff02fb31-00a8-47cd-be1f-4ea7558a769a
console.warn: LoginRecipes: "Falling back to a synchronous message for: https://accounts.google.com."
JavaScript warning: https://accounts.google.com/v3/signin/identifier?dsh=S1594270413%3A1686342336989032&continue=https%3A%2F%2Fmail.google.com%2Fmail%2Fu%2F0%2F&emr=1&ffgf=1&followup=https%3A%2F%2Fmail.google.com%2Fmail%2Fu%2F0%2F&ifkv=Af_xneHr8gZNjoQ3JF81qu8hl_kAUwvWjw3aiwzRLSqa-8oQ3HCAbKS8GsVJMREDfH9YCvBy3W6gEQ&osid=1&passive=1209600&service=mail&flowName=GlifWebSignIn&flowEntry=ServiceLogin line 206 > injectedScript line 2 > eval line 2669 > eval line 1 > eval line 1 > eval, line 1: WEBGL_debug_renderer_info is deprecated in Firefox and will be removed. Please use RENDERER.
console.warn: LoginRecipes: "Falling back to a synchronous message for: https://accounts.google.com."
